<?xml version="1.0" encoding="UTF-8"?>
<!-- Generated by org.testng.reporters.JUnitXMLReporter -->
<testsuite hostname="User" ignored="2" name="Personal Loan" tests="2" failures="0" timestamp="22 Aug 2019 10:27:14 GMT" time="0.051" errors="0">
  <testcase name="firsttest" time="0.017" classname="testNG.Day1"/>
  <testcase name="fourthtest" time="0.002" classname="testNG.Day2"/>
  <testcase name="secondtest" time="0.0" classname="testNG.Day1">
    <ignored/>
  </testcase> <!-- secondtest -->
  <testcase name="thirdtest" time="0.0" classname="testNG.Day1">
    <ignored/>
  </testcase> <!-- thirdtest -->
</testsuite> <!-- Personal Loan -->
