<?xml version="1.0" encoding="UTF-8"?>
<!-- Generated by org.testng.reporters.JUnitXMLReporter -->
<testsuite hostname="User" ignored="10" name="Regression Testing" tests="1" failures="0" timestamp="30 Jul 2019 02:31:47 GMT" time="0.132" errors="0">
  <testcase name="Homeloan" time="0.04" classname="testNG.Day4"/>
  <testcase name="firsttest" time="0.0" classname="testNG.Day1">
    <ignored/>
  </testcase> <!-- firsttest -->
  <testcase name="fourthtest" time="0.0" classname="testNG.Day2">
    <ignored/>
  </testcase> <!-- fourthtest -->
  <testcase name="WebLoginCarloan" time="0.0" classname="testNG.Day3">
    <ignored/>
  </testcase> <!-- WebLoginCarloan -->
  <testcase name="MobileLoginHomeloan" time="0.0" classname="testNG.Day4">
    <ignored/>
  </testcase> <!-- MobileLoginHomeloan -->
  <testcase name="MobileLoginCarloan" time="0.0" classname="testNG.Day3">
    <ignored/>
  </testcase> <!-- MobileLoginCarloan -->
  <testcase name="secondtest" time="0.0" classname="testNG.Day1">
    <ignored/>
  </testcase> <!-- secondtest -->
  <testcase name="APIloginCarloan" time="0.0" classname="testNG.Day3">
    <ignored/>
  </testcase> <!-- APIloginCarloan -->
  <testcase name="WebLoginHomeloan" time="0.0" classname="testNG.Day4">
    <ignored/>
  </testcase> <!-- WebLoginHomeloan -->
  <testcase name="APIloginHomeloan" time="0.0" classname="testNG.Day4">
    <ignored/>
  </testcase> <!-- APIloginHomeloan -->
  <testcase name="thirdtest" time="0.0" classname="testNG.Day1">
    <ignored/>
  </testcase> <!-- thirdtest -->
</testsuite> <!-- Regression Testing -->
