<?xml version="1.0" encoding="UTF-8"?>
<testng-results skipped="0" failed="0" ignored="0" total="2" passed="2">
  <reporter-output>
  </reporter-output>
  <suite name="Default suite" duration-ms="62" started-at="2019-10-13T16:45:17Z" finished-at="2019-10-13T16:45:17Z">
    <groups>
    </groups>
    <test name="Default test" duration-ms="62" started-at="2019-10-13T16:45:17Z" finished-at="2019-10-13T16:45:17Z">
      <class name="testNG.TestParallelOne">
        <test-method status="PASS" signature="testCaseOne()[pri:0, instance:testNG.TestParallelOne@735b5592]" name="testCaseOne" duration-ms="16" started-at="2019-10-13T16:45:17Z" finished-at="2019-10-13T16:45:17Z">
          <reporter-output>
          </reporter-output>
        </test-method> <!-- testCaseOne -->
        <test-method status="PASS" signature="testCaseTwo()[pri:0, instance:testNG.TestParallelOne@735b5592]" name="testCaseTwo" duration-ms="15" started-at="2019-10-13T16:45:17Z" finished-at="2019-10-13T16:45:17Z">
          <reporter-output>
          </reporter-output>
        </test-method> <!-- testCaseTwo -->
      </class> <!-- testNG.TestParallelOne -->
    </test> <!-- Default test -->
  </suite> <!-- Default suite -->
</testng-results>
