<?xml version="1.0" encoding="UTF-8"?>
<!-- Generated by org.testng.reporters.JUnitXMLReporter -->
<testsuite hostname="User" ignored="0" name="Sprint1" tests="3" failures="1" timestamp="23 Aug 2019 20:47:24 GMT" time="0.164" errors="0">
  <testcase name="testTwitter" time="0.031" classname="testNGClasses.TestCase2"/>
  <testcase name="testFB" time="0.002" classname="testNGClasses.TestCase1"/>
  <testcase name="testInstagram" time="0.005" classname="testNGClasses.TestCase3">
    <failure type="java.lang.AssertionError" message="expected [true] but found [false]">
      <![CDATA[java.lang.AssertionError: expected [true] but found [false]
at testNGClasses.TestCase3.testInstagram(TestCase3.java:8)
... Removed 29 stack frames]]>
    </failure>
  </testcase> <!-- testInstagram -->
</testsuite> <!-- Sprint1 -->
